<?xml version="1.0" encoding="UTF-8"?>
<!-- Generated by org.testng.reporters.JUnitReportReporter -->
<testsuite skipped="0" hostname="DESKTOP-06QDCBA" name="com.mytest.LoginPageTest" tests="1" failures="0" timestamp="23 Nov 2023 14:21:07 GMT" time="51.074" errors="0">
  <testcase name="gettitletforLoginPage" time="51.074" classname="com.mytest.LoginPageTest"/>
</testsuite> <!-- com.mytest.LoginPageTest -->
