<?xml version="1.0" encoding="UTF-8"?>
<!-- Generated by org.testng.reporters.JUnitReportReporter -->
<testsuite skipped="0" hostname="DESKTOP-06QDCBA" name="com.mytest.HomePagetest" tests="1" failures="0" timestamp="23 Nov 2023 14:21:08 GMT" time="131.618" errors="0">
  <testcase name="gettitletforLoginPage" time="131.618" classname="com.mytest.HomePagetest"/>
</testsuite> <!-- com.mytest.HomePagetest -->
