<?xml version="1.0" encoding="UTF-8"?>
<!-- Generated by org.testng.reporters.JUnitReportReporter -->
<testsuite skipped="0" hostname="DESKTOP-06QDCBA" name="TestNGSessions.TestNGAnnotationss" tests="2" failures="0" timestamp="23 Nov 2023 11:10:17 GMT" time="0.016" errors="0">
  <testcase name="firsttest" time="0.013" classname="TestNGSessions.TestNGAnnotationss"/>
  <testcase name="Secondtest" time="0.003" classname="TestNGSessions.TestNGAnnotationss"/>
</testsuite> <!-- TestNGSessions.TestNGAnnotationss -->
