<?xml version="1.0" encoding="UTF-8"?>
<!-- Generated by org.testng.reporters.JUnitReportReporter -->
<testsuite skipped="0" hostname="DESKTOP-06QDCBA" name="TestNGSessions.ExpectedExceptions" tests="10" failures="0" timestamp="23 Nov 2023 12:07:39 GMT" time="0.048" errors="0">
  <testcase name="testexception" time="0.007" classname="TestNGSessions.ExpectedExceptions"/>
  <testcase name="testexception" time="0.004" classname="TestNGSessions.ExpectedExceptions"/>
  <testcase name="testexception" time="0.002" classname="TestNGSessions.ExpectedExceptions"/>
  <testcase name="testexception" time="0.004" classname="TestNGSessions.ExpectedExceptions"/>
  <testcase name="testexception" time="0.003" classname="TestNGSessions.ExpectedExceptions"/>
  <testcase name="testexception" time="0.021" classname="TestNGSessions.ExpectedExceptions"/>
  <testcase name="testexception" time="0.002" classname="TestNGSessions.ExpectedExceptions"/>
  <testcase name="testexception" time="0.002" classname="TestNGSessions.ExpectedExceptions"/>
  <testcase name="testexception" time="0.002" classname="TestNGSessions.ExpectedExceptions"/>
  <testcase name="testexception" time="0.001" classname="TestNGSessions.ExpectedExceptions"/>
</testsuite> <!-- TestNGSessions.ExpectedExceptions -->
